# JRE version: 7.0_21-b11
# Java VM: Java HotSpot(TM) Client VM (23.21-b01 mixed mode windows-x86 )
Heap
 def new generation   total 4992K, used 3805K [0x23a70000, 0x23fd0000, 0x28fc0000)
  eden space 4480K,  84% used [0x23a70000, 0x23e276e8, 0x23ed0000)
  from space 512K,   0% used [0x23ed0000, 0x23ed0000, 0x23f50000)
  to   space 512K,   0% used [0x23f50000, 0x23f50000, 0x23fd0000)
 tenured generation   total 10944K, used 9708K [0x28fc0000, 0x29a70000, 0x33a70000)
   the space 10944K,  88% used [0x28fc0000, 0x2993b2c8, 0x2993b400, 0x29a70000)
 compacting perm gen  total 12288K, used 5621K [0x33a70000, 0x34670000, 0x37a70000)
   the space 12288K,  45% used [0x33a70000, 0x33fed7d0, 0x33fed800, 0x34670000)
GC Heap History (10 events):
Event: 7.495 GC heap before
{Heap before GC invocations=10 (full 0):
 def new generation   total 4928K, used 4478K [0x23a70000, 0x23fc0000, 0x28fc0000)
  eden space 4416K, 100% used [0x23a70000, 0x23ec0000, 0x23ec0000)
  from space 512K,  12% used [0x23ec0000, 0x23ecfb38, 0x23f40000)
  to   space 512K,   0% used [0x23f40000, 0x23f40000, 0x23fc0000)
 tenured generation   total 10944K, used 8616K [0x28fc0000, 0x29a70000, 0x33a70000)
   the space 10944K,  78% used [0x28fc0000, 0x2982a068, 0x2982a200, 0x29a70000)
 compacting perm gen  total 12288K, used 5324K [0x33a70000, 0x34670000, 0x37a70000)
   the space 12288K,  43% used [0x33a70000, 0x33fa3360, 0x33fa3400, 0x34670000)
No shared spaces configured.
Event: 7.497 GC heap after
Heap after GC invocations=11 (full 0):
 def new generation   total 4928K, used 66K [0x23a70000, 0x23fc0000, 0x28fc0000)
  eden space 4416K,   0% used [0x23a70000, 0x23a70000, 0x23ec0000)
  from space 512K,  12% used [0x23f40000, 0x23f50878, 0x23fc0000)
  to   space 512K,   0% used [0x23ec0000, 0x23ec0000, 0x23f40000)
 tenured generation   total 10944K, used 10420K [0x28fc0000, 0x29a70000, 0x33a70000)
   the space 10944K,  95% used [0x28fc0000, 0x299ed070, 0x299ed200, 0x29a70000)
 compacting perm gen  total 12288K, used 5324K [0x33a70000, 0x34670000, 0x37a70000)
   the space 12288K,  43% used [0x33a70000, 0x33fa3360, 0x33fa3400, 0x34670000)
No shared spaces configured.
}
Event: 7.501 GC heap before
{Heap before GC invocations=11 (full 0):
 def new generation   total 4928K, used 4461K [0x23a70000, 0x23fc0000, 0x28fc0000)
  eden space 4416K,  99% used [0x23a70000, 0x23ebae20, 0x23ec0000)
  from space 512K,  12% used [0x23f40000, 0x23f50878, 0x23fc0000)
  to   space 512K,   0% used [0x23ec0000, 0x23ec0000, 0x23f40000)
 tenured generation   total 10944K, used 10420K [0x28fc0000, 0x29a70000, 0x33a70000)
   the space 10944K,  95% used [0x28fc0000, 0x299ed070, 0x299ed200, 0x29a70000)
 compacting perm gen  total 12288K, used 5324K [0x33a70000, 0x34670000, 0x37a70000)
   the space 12288K,  43% used [0x33a70000, 0x33fa3360, 0x33fa3400, 0x34670000)
No shared spaces configured.
Event: 7.502 GC heap after
Heap after GC invocations=12 (full 0):
 def new generation   total 4928K, used 81K [0x23a70000, 0x23fc0000, 0x28fc0000)
  eden space 4416K,   0% used [0x23a70000, 0x23a70000, 0x23ec0000)
  from space 512K,  15% used [0x23ec0000, 0x23ed4478, 0x23f40000)
  to   space 512K,   0% used [0x23f40000, 0x23f40000, 0x23fc0000)
 tenured generation   total 10944K, used 10420K [0x28fc0000, 0x29a70000, 0x33a70000)
   the space 10944K,  95% used [0x28fc0000, 0x299ed070, 0x299ed200, 0x29a70000)
 compacting perm gen  total 12288K, used 5324K [0x33a70000, 0x34670000, 0x37a70000)
   the space 12288K,  43% used [0x33a70000, 0x33fa3360, 0x33fa3400, 0x34670000)
No shared spaces configured.
}
Event: 7.503 GC heap before
{Heap before GC invocations=12 (full 0):
 def new generation   total 4928K, used 2728K [0x23a70000, 0x23fc0000, 0x28fc0000)
  eden space 4416K,  59% used [0x23a70000, 0x23d05cc0, 0x23ec0000)
  from space 512K,  15% used [0x23ec0000, 0x23ed4478, 0x23f40000)
  to   space 512K,   0% used [0x23f40000, 0x23f40000, 0x23fc0000)
 tenured generation   total 10944K, used 10420K [0x28fc0000, 0x29a70000, 0x33a70000)
   the space 10944K,  95% used [0x28fc0000, 0x299ed070, 0x299ed200, 0x29a70000)
 compacting perm gen  total 12288K, used 5324K [0x33a70000, 0x34670000, 0x37a70000)
   the space 12288K,  43% used [0x33a70000, 0x33fa3360, 0x33fa3400, 0x34670000)
No shared spaces configured.
Event: 7.527 GC heap after
Heap after GC invocations=13 (full 1):
 def new generation   total 4992K, used 0K [0x23a70000, 0x23fd0000, 0x28fc0000)
  eden space 4480K,   0% used [0x23a70000, 0x23a70000, 0x23ed0000)
  from space 512K,   0% used [0x23ed0000, 0x23ed0000, 0x23f50000)
  to   space 512K,   0% used [0x23f50000, 0x23f50000, 0x23fd0000)
 tenured generation   total 10944K, used 8574K [0x28fc0000, 0x29a70000, 0x33a70000)
   the space 10944K,  78% used [0x28fc0000, 0x2981fbb0, 0x2981fc00, 0x29a70000)
 compacting perm gen  total 12288K, used 5324K [0x33a70000, 0x34670000, 0x37a70000)
   the space 12288K,  43% used [0x33a70000, 0x33fa3360, 0x33fa3400, 0x34670000)
No shared spaces configured.
}
Event: 7.531 GC heap before
{Heap before GC invocations=13 (full 1):
 def new generation   total 4992K, used 3908K [0x23a70000, 0x23fd0000, 0x28fc0000)
  eden space 4480K,  87% used [0x23a70000, 0x23e41288, 0x23ed0000)
  from space 512K,   0% used [0x23ed0000, 0x23ed0000, 0x23f50000)
  to   space 512K,   0% used [0x23f50000, 0x23f50000, 0x23fd0000)
 tenured generation   total 10944K, used 8574K [0x28fc0000, 0x29a70000, 0x33a70000)
   the space 10944K,  78% used [0x28fc0000, 0x2981fbb0, 0x2981fc00, 0x29a70000)
 compacting perm gen  total 12288K, used 5324K [0x33a70000, 0x34670000, 0x37a70000)
   the space 12288K,  43% used [0x33a70000, 0x33fa3360, 0x33fa3400, 0x34670000)
No shared spaces configured.
Event: 7.550 GC heap after
Heap after GC invocations=14 (full 2):
 def new generation   total 4992K, used 0K [0x23a70000, 0x23fd0000, 0x28fc0000)
  eden space 4480K,   0% used [0x23a70000, 0x23a70000, 0x23ed0000)
  from space 512K,   0% used [0x23f50000, 0x23f50000, 0x23fd0000)
  to   space 512K,   0% used [0x23ed0000, 0x23ed0000, 0x23f50000)
 tenured generation   total 10944K, used 8574K [0x28fc0000, 0x29a70000, 0x33a70000)
   the space 10944K,  78% used [0x28fc0000, 0x2981fbc8, 0x2981fc00, 0x29a70000)
 compacting perm gen  total 12288K, used 5324K [0x33a70000, 0x34670000, 0x37a70000)
   the space 12288K,  43% used [0x33a70000, 0x33fa3360, 0x33fa3400, 0x34670000)
No shared spaces configured.
}
Event: 7.551 GC heap before
{Heap before GC invocations=14 (full 2):
 def new generation   total 4992K, used 3891K [0x23a70000, 0x23fd0000, 0x28fc0000)
  eden space 4480K,  86% used [0x23a70000, 0x23e3cdf0, 0x23ed0000)
  from space 512K,   0% used [0x23f50000, 0x23f50000, 0x23fd0000)
  to   space 512K,   0% used [0x23ed0000, 0x23ed0000, 0x23f50000)
 tenured generation   total 10944K, used 8574K [0x28fc0000, 0x29a70000, 0x33a70000)
   the space 10944K,  78% used [0x28fc0000, 0x2981fbc8, 0x2981fc00, 0x29a70000)
 compacting perm gen  total 12288K, used 5324K [0x33a70000, 0x34670000, 0x37a70000)
   the space 12288K,  43% used [0x33a70000, 0x33fa3360, 0x33fa3400, 0x34670000)
No shared spaces configured.
Event: 7.574 GC heap after
Heap after GC invocations=15 (full 3):
 def new generation   total 4992K, used 0K [0x23a70000, 0x23fd0000, 0x28fc0000)
  eden space 4480K,   0% used [0x23a70000, 0x23a70000, 0x23ed0000)
  from space 512K,   0% used [0x23ed0000, 0x23ed0000, 0x23f50000)
  to   space 512K,   0% used [0x23f50000, 0x23f50000, 0x23fd0000)
 tenured generation   total 10944K, used 9708K [0x28fc0000, 0x29a70000, 0x33a70000)
   the space 10944K,  88% used [0x28fc0000, 0x2993b2c8, 0x2993b400, 0x29a70000)
 compacting perm gen  total 12288K, used 5324K [0x33a70000, 0x34670000, 0x37a70000)
   the space 12288K,  43% used [0x33a70000, 0x33fa3360, 0x33fa3400, 0x34670000)
No shared spaces configured.
}

