# JRE version: 7.0_21-b11
# Java VM: Java HotSpot(TM) Client VM (23.21-b01 mixed mode windows-x86 )
Heap
 def new generation   total 5568K, used 1889K [0x23a70000, 0x24070000, 0x28fc0000)
  eden space 4992K,  28% used [0x23a70000, 0x23bd9588, 0x23f50000)
  from space 576K,  77% used [0x23f50000, 0x23fbef38, 0x23fe0000)
  to   space 576K,   0% used [0x23fe0000, 0x23fe0000, 0x24070000)
 tenured generation   total 12232K, used 12032K [0x28fc0000, 0x29bb2000, 0x33a70000)
   the space 12232K,  98% used [0x28fc0000, 0x29b803d8, 0x29b80400, 0x29bb2000)
 compacting perm gen  total 12288K, used 5638K [0x33a70000, 0x34670000, 0x37a70000)
   the space 12288K,  45% used [0x33a70000, 0x33ff18e0, 0x33ff1a00, 0x34670000)
GC Heap History (10 events):
Event: 7.929 GC heap before
{Heap before GC invocations=12 (full 0):
 def new generation   total 4928K, used 2729K [0x23a70000, 0x23fc0000, 0x28fc0000)
  eden space 4416K,  59% used [0x23a70000, 0x23d05948, 0x23ec0000)
  from space 512K,  16% used [0x23ec0000, 0x23ed4d68, 0x23f40000)
  to   space 512K,   0% used [0x23f40000, 0x23f40000, 0x23fc0000)
 tenured generation   total 10944K, used 10466K [0x28fc0000, 0x29a70000, 0x33a70000)
   the space 10944K,  95% used [0x28fc0000, 0x299f88a8, 0x299f8a00, 0x29a70000)
 compacting perm gen  total 12288K, used 5319K [0x33a70000, 0x34670000, 0x37a70000)
   the space 12288K,  43% used [0x33a70000, 0x33fa1cb8, 0x33fa1e00, 0x34670000)
No shared spaces configured.
Event: 7.958 GC heap after
Heap after GC invocations=13 (full 1):
 def new generation   total 5568K, used 0K [0x23a70000, 0x24070000, 0x28fc0000)
  eden space 4992K,   0% used [0x23a70000, 0x23a70000, 0x23f50000)
  from space 576K,   0% used [0x23f50000, 0x23f50000, 0x23fe0000)
  to   space 576K,   0% used [0x23fe0000, 0x23fe0000, 0x24070000)
 tenured generation   total 12232K, used 8699K [0x28fc0000, 0x29bb2000, 0x33a70000)
   the space 12232K,  71% used [0x28fc0000, 0x2983eea8, 0x2983f000, 0x29bb2000)
 compacting perm gen  total 12288K, used 5319K [0x33a70000, 0x34670000, 0x37a70000)
   the space 12288K,  43% used [0x33a70000, 0x33fa1cb8, 0x33fa1e00, 0x34670000)
No shared spaces configured.
}
Event: 7.962 GC heap before
{Heap before GC invocations=13 (full 1):
 def new generation   total 5568K, used 3913K [0x23a70000, 0x24070000, 0x28fc0000)
  eden space 4992K,  78% used [0x23a70000, 0x23e426f8, 0x23f50000)
  from space 576K,   0% used [0x23f50000, 0x23f50000, 0x23fe0000)
  to   space 576K,   0% used [0x23fe0000, 0x23fe0000, 0x24070000)
 tenured generation   total 12232K, used 8699K [0x28fc0000, 0x29bb2000, 0x33a70000)
   the space 12232K,  71% used [0x28fc0000, 0x2983eea8, 0x2983f000, 0x29bb2000)
 compacting perm gen  total 12288K, used 5319K [0x33a70000, 0x34670000, 0x37a70000)
   the space 12288K,  43% used [0x33a70000, 0x33fa1cb8, 0x33fa1e00, 0x34670000)
No shared spaces configured.
Event: 7.989 GC heap after
Heap after GC invocations=14 (full 2):
 def new generation   total 5568K, used 0K [0x23a70000, 0x24070000, 0x28fc0000)
  eden space 4992K,   0% used [0x23a70000, 0x23a70000, 0x23f50000)
  from space 576K,   0% used [0x23fe0000, 0x23fe0000, 0x24070000)
  to   space 576K,   0% used [0x23f50000, 0x23f50000, 0x23fe0000)
 tenured generation   total 12232K, used 8699K [0x28fc0000, 0x29bb2000, 0x33a70000)
   the space 12232K,  71% used [0x28fc0000, 0x2983eec0, 0x2983f000, 0x29bb2000)
 compacting perm gen  total 12288K, used 5319K [0x33a70000, 0x34670000, 0x37a70000)
   the space 12288K,  43% used [0x33a70000, 0x33fa1cb8, 0x33fa1e00, 0x34670000)
No shared spaces configured.
}
Event: 7.990 GC heap before
{Heap before GC invocations=14 (full 2):
 def new generation   total 5568K, used 3894K [0x23a70000, 0x24070000, 0x28fc0000)
  eden space 4992K,  78% used [0x23a70000, 0x23e3db90, 0x23f50000)
  from space 576K,   0% used [0x23fe0000, 0x23fe0000, 0x24070000)
  to   space 576K,   0% used [0x23f50000, 0x23f50000, 0x23fe0000)
 tenured generation   total 12232K, used 8699K [0x28fc0000, 0x29bb2000, 0x33a70000)
   the space 12232K,  71% used [0x28fc0000, 0x2983eec0, 0x2983f000, 0x29bb2000)
 compacting perm gen  total 12288K, used 5319K [0x33a70000, 0x34670000, 0x37a70000)
   the space 12288K,  43% used [0x33a70000, 0x33fa1cb8, 0x33fa1e00, 0x34670000)
No shared spaces configured.
Event: 7.991 GC heap after
Heap after GC invocations=15 (full 2):
 def new generation   total 5568K, used 0K [0x23a70000, 0x24070000, 0x28fc0000)
  eden space 4992K,   0% used [0x23a70000, 0x23a70000, 0x23f50000)
  from space 576K,   0% used [0x23f50000, 0x23f50028, 0x23fe0000)
  to   space 576K,   0% used [0x23fe0000, 0x23fe0000, 0x24070000)
 tenured generation   total 12232K, used 11271K [0x28fc0000, 0x29bb2000, 0x33a70000)
   the space 12232K,  92% used [0x28fc0000, 0x29ac1fb8, 0x29ac2000, 0x29bb2000)
 compacting perm gen  total 12288K, used 5319K [0x33a70000, 0x34670000, 0x37a70000)
   the space 12288K,  43% used [0x33a70000, 0x33fa1cb8, 0x33fa1e00, 0x34670000)
No shared spaces configured.
}
Event: 8.172 GC heap before
{Heap before GC invocations=15 (full 2):
 def new generation   total 5568K, used 4992K [0x23a70000, 0x24070000, 0x28fc0000)
  eden space 4992K, 100% used [0x23a70000, 0x23f50000, 0x23f50000)
  from space 576K,   0% used [0x23f50000, 0x23f50028, 0x23fe0000)
  to   space 576K,   0% used [0x23fe0000, 0x23fe0000, 0x24070000)
 tenured generation   total 12232K, used 11271K [0x28fc0000, 0x29bb2000, 0x33a70000)
   the space 12232K,  92% used [0x28fc0000, 0x29ac1fb8, 0x29ac2000, 0x29bb2000)
 compacting perm gen  total 12288K, used 5616K [0x33a70000, 0x34670000, 0x37a70000)
   the space 12288K,  45% used [0x33a70000, 0x33fec148, 0x33fec200, 0x34670000)
No shared spaces configured.
Event: 8.174 GC heap after
Heap after GC invocations=16 (full 2):
 def new generation   total 5568K, used 576K [0x23a70000, 0x24070000, 0x28fc0000)
  eden space 4992K,   0% used [0x23a70000, 0x23a70000, 0x23f50000)
  from space 576K, 100% used [0x23fe0000, 0x24070000, 0x24070000)
  to   space 576K,   0% used [0x23f50000, 0x23f50000, 0x23fe0000)
 tenured generation   total 12232K, used 11458K [0x28fc0000, 0x29bb2000, 0x33a70000)
   the space 12232K,  93% used [0x28fc0000, 0x29af0890, 0x29af0a00, 0x29bb2000)
 compacting perm gen  total 12288K, used 5616K [0x33a70000, 0x34670000, 0x37a70000)
   the space 12288K,  45% used [0x33a70000, 0x33fec148, 0x33fec200, 0x34670000)
No shared spaces configured.
}
Event: 19.976 GC heap before
{Heap before GC invocations=16 (full 2):
 def new generation   total 5568K, used 5568K [0x23a70000, 0x24070000, 0x28fc0000)
  eden space 4992K, 100% used [0x23a70000, 0x23f50000, 0x23f50000)
  from space 576K, 100% used [0x23fe0000, 0x24070000, 0x24070000)
  to   space 576K,   0% used [0x23f50000, 0x23f50000, 0x23fe0000)
 tenured generation   total 12232K, used 11458K [0x28fc0000, 0x29bb2000, 0x33a70000)
   the space 12232K,  93% used [0x28fc0000, 0x29af0890, 0x29af0a00, 0x29bb2000)
 compacting perm gen  total 12288K, used 5638K [0x33a70000, 0x34670000, 0x37a70000)
   the space 12288K,  45% used [0x33a70000, 0x33ff18e0, 0x33ff1a00, 0x34670000)
No shared spaces configured.
Event: 19.978 GC heap after
Heap after GC invocations=17 (full 2):
 def new generation   total 5568K, used 443K [0x23a70000, 0x24070000, 0x28fc0000)
  eden space 4992K,   0% used [0x23a70000, 0x23a70000, 0x23f50000)
  from space 576K,  77% used [0x23f50000, 0x23fbef38, 0x23fe0000)
  to   space 576K,   0% used [0x23fe0000, 0x23fe0000, 0x24070000)
 tenured generation   total 12232K, used 12032K [0x28fc0000, 0x29bb2000, 0x33a70000)
   the space 12232K,  98% used [0x28fc0000, 0x29b803d8, 0x29b80400, 0x29bb2000)
 compacting perm gen  total 12288K, used 5638K [0x33a70000, 0x34670000, 0x37a70000)
   the space 12288K,  45% used [0x33a70000, 0x33ff18e0, 0x33ff1a00, 0x34670000)
No shared spaces configured.
}

